2025-02-14 14:44:37.697781: E external/local_xla/xla/stream_executor/cuda/cuda_fft.cc:485] Unable to register cuFFT factory: Attempting to register factory for plugin cuFFT when one has already been registered
2025-02-14 14:44:37.871415: E external/local_xla/xla/stream_executor/cuda/cuda_dnn.cc:8454] Unable to register cuDNN factory: Attempting to register factory for plugin cuDNN when one has already been registered
2025-02-14 14:44:37.928546: E external/local_xla/xla/stream_executor/cuda/cuda_blas.cc:1452] Unable to register cuBLAS factory: Attempting to register factory for plugin cuBLAS when one has already been registered
2025-02-14 14:44:40.430987: W tensorflow/compiler/tf2tensorrt/utils/py_utils.cc:38] TF-TRT Warning: Could not find TensorRT
2025-02-14 14:44:52.656374: W external/xla/xla/service/gpu/nvptx_compiler.cc:760] The NVIDIA driver's CUDA version is 12.1 which is older than the ptxas CUDA version (12.6.20). Because the driver is older than the ptxas version, XLA is disabling parallel compilation, which may slow down compilation. You should update your NVIDIA driver or use the NVIDIA-provided CUDA forward compatibility packages.
'+ptx86' is not a recognized feature for this target (ignoring feature)
'+ptx86' is not a recognized feature for this target (ignoring feature)
'+ptx86' is not a recognized feature for this target (ignoring feature)
'+ptx86' is not a recognized feature for this target (ignoring feature)
'+ptx86' is not a recognized feature for this target (ignoring feature)
'+ptx86' is not a recognized feature for this target (ignoring feature)
'+ptx86' is not a recognized feature for this target (ignoring feature)
'+ptx86' is not a recognized feature for this target (ignoring feature)
'+ptx86' is not a recognized feature for this target (ignoring feature)
'+ptx86' is not a recognized feature for this target (ignoring feature)
'+ptx86' is not a recognized feature for this target (ignoring feature)
'+ptx86' is not a recognized feature for this target (ignoring feature)
'+ptx86' is not a recognized feature for this target (ignoring feature)
'+ptx86' is not a recognized feature for this target (ignoring feature)
'+ptx86' is not a recognized feature for this target (ignoring feature)
'+ptx86' is not a recognized feature for this target (ignoring feature)
'+ptx86' is not a recognized feature for this target (ignoring feature)
'+ptx86' is not a recognized feature for this target (ignoring feature)
'+ptx86' is not a recognized feature for this target (ignoring feature)
'+ptx86' is not a recognized feature for this target (ignoring feature)
'+ptx86' is not a recognized feature for this target (ignoring feature)
'+ptx86' is not a recognized feature for this target (ignoring feature)
'+ptx86' is not a recognized feature for this target (ignoring feature)
'+ptx86' is not a recognized feature for this target (ignoring feature)
'+ptx86' is not a recognized feature for this target (ignoring feature)
'+ptx86' is not a recognized feature for this target (ignoring feature)
'+ptx86' is not a recognized feature for this target (ignoring feature)
'+ptx86' is not a recognized feature for this target (ignoring feature)
'+ptx86' is not a recognized feature for this target (ignoring feature)
'+ptx86' is not a recognized feature for this target (ignoring feature)
'+ptx86' is not a recognized feature for this target (ignoring feature)
'+ptx86' is not a recognized feature for this target (ignoring feature)
'+ptx86' is not a recognized feature for this target (ignoring feature)
'+ptx86' is not a recognized feature for this target (ignoring feature)
'+ptx86' is not a recognized feature for this target (ignoring feature)
'+ptx86' is not a recognized feature for this target (ignoring feature)
'+ptx86' is not a recognized feature for this target (ignoring feature)
'+ptx86' is not a recognized feature for this target (ignoring feature)
'+ptx86' is not a recognized feature for this target (ignoring feature)
'+ptx86' is not a recognized feature for this target (ignoring feature)
'+ptx86' is not a recognized feature for this target (ignoring feature)
'+ptx86' is not a recognized feature for this target (ignoring feature)
'+ptx86' is not a recognized feature for this target (ignoring feature)
'+ptx86' is not a recognized feature for this target (ignoring feature)
'+ptx86' is not a recognized feature for this target (ignoring feature)
'+ptx86' is not a recognized feature for this target (ignoring feature)
'+ptx86' is not a recognized feature for this target (ignoring feature)
'+ptx86' is not a recognized feature for this target (ignoring feature)
'+ptx86' is not a recognized feature for this target (ignoring feature)
'+ptx86' is not a recognized feature for this target (ignoring feature)
'+ptx86' is not a recognized feature for this target (ignoring feature)
'+ptx86' is not a recognized feature for this target (ignoring feature)
'+ptx86' is not a recognized feature for this target (ignoring feature)
'+ptx86' is not a recognized feature for this target (ignoring feature)
'+ptx86' is not a recognized feature for this target (ignoring feature)
'+ptx86' is not a recognized feature for this target (ignoring feature)
'+ptx86' is not a recognized feature for this target (ignoring feature)
'+ptx86' is not a recognized feature for this target (ignoring feature)
'+ptx86' is not a recognized feature for this target (ignoring feature)
'+ptx86' is not a recognized feature for this target (ignoring feature)
'+ptx86' is not a recognized feature for this target (ignoring feature)
'+ptx86' is not a recognized feature for this target (ignoring feature)
'+ptx86' is not a recognized feature for this target (ignoring feature)
'+ptx86' is not a recognized feature for this target (ignoring feature)
'+ptx86' is not a recognized feature for this target (ignoring feature)
'+ptx86' is not a recognized feature for this target (ignoring feature)
'+ptx86' is not a recognized feature for this target (ignoring feature)
'+ptx86' is not a recognized feature for this target (ignoring feature)
'+ptx86' is not a recognized feature for this target (ignoring feature)
'+ptx86' is not a recognized feature for this target (ignoring feature)
'+ptx86' is not a recognized feature for this target (ignoring feature)
'+ptx86' is not a recognized feature for this target (ignoring feature)
'+ptx86' is not a recognized feature for this target (ignoring feature)
'+ptx86' is not a recognized feature for this target (ignoring feature)
'+ptx86' is not a recognized feature for this target (ignoring feature)
'+ptx86' is not a recognized feature for this target (ignoring feature)
'+ptx86' is not a recognized feature for this target (ignoring feature)
'+ptx86' is not a recognized feature for this target (ignoring feature)
'+ptx86' is not a recognized feature for this target (ignoring feature)
'+ptx86' is not a recognized feature for this target (ignoring feature)
'+ptx86' is not a recognized feature for this target (ignoring feature)
'+ptx86' is not a recognized feature for this target (ignoring feature)
'+ptx86' is not a recognized feature for this target (ignoring feature)
'+ptx86' is not a recognized feature for this target (ignoring feature)
'+ptx86' is not a recognized feature for this target (ignoring feature)
'+ptx86' is not a recognized feature for this target (ignoring feature)
'+ptx86' is not a recognized feature for this target (ignoring feature)
'+ptx86' is not a recognized feature for this target (ignoring feature)
'+ptx86' is not a recognized feature for this target (ignoring feature)
'+ptx86' is not a recognized feature for this target (ignoring feature)
'+ptx86' is not a recognized feature for this target (ignoring feature)
'+ptx86' is not a recognized feature for this target (ignoring feature)
'+ptx86' is not a recognized feature for this target (ignoring feature)
'+ptx86' is not a recognized feature for this target (ignoring feature)
'+ptx86' is not a recognized feature for this target (ignoring feature)
'+ptx86' is not a recognized feature for this target (ignoring feature)
'+ptx86' is not a recognized feature for this target (ignoring feature)
'+ptx86' is not a recognized feature for this target (ignoring feature)
'+ptx86' is not a recognized feature for this target (ignoring feature)
'+ptx86' is not a recognized feature for this target (ignoring feature)
'+ptx86' is not a recognized feature for this target (ignoring feature)
'+ptx86' is not a recognized feature for this target (ignoring feature)
'+ptx86' is not a recognized feature for this target (ignoring feature)
'+ptx86' is not a recognized feature for this target (ignoring feature)
'+ptx86' is not a recognized feature for this target (ignoring feature)
'+ptx86' is not a recognized feature for this target (ignoring feature)
'+ptx86' is not a recognized feature for this target (ignoring feature)
'+ptx86' is not a recognized feature for this target (ignoring feature)
'+ptx86' is not a recognized feature for this target (ignoring feature)
'+ptx86' is not a recognized feature for this target (ignoring feature)
'+ptx86' is not a recognized feature for this target (ignoring feature)
'+ptx86' is not a recognized feature for this target (ignoring feature)
'+ptx86' is not a recognized feature for this target (ignoring feature)
'+ptx86' is not a recognized feature for this target (ignoring feature)
'+ptx86' is not a recognized feature for this target (ignoring feature)
'+ptx86' is not a recognized feature for this target (ignoring feature)
'+ptx86' is not a recognized feature for this target (ignoring feature)
'+ptx86' is not a recognized feature for this target (ignoring feature)
'+ptx86' is not a recognized feature for this target (ignoring feature)
'+ptx86' is not a recognized feature for this target (ignoring feature)
'+ptx86' is not a recognized feature for this target (ignoring feature)
'+ptx86' is not a recognized feature for this target (ignoring feature)
'+ptx86' is not a recognized feature for this target (ignoring feature)
'+ptx86' is not a recognized feature for this target (ignoring feature)
'+ptx86' is not a recognized feature for this target (ignoring feature)
'+ptx86' is not a recognized feature for this target (ignoring feature)
'+ptx86' is not a recognized feature for this target (ignoring feature)
'+ptx86' is not a recognized feature for this target (ignoring feature)
'+ptx86' is not a recognized feature for this target (ignoring feature)
'+ptx86' is not a recognized feature for this target (ignoring feature)
'+ptx86' is not a recognized feature for this target (ignoring feature)
'+ptx86' is not a recognized feature for this target (ignoring feature)
'+ptx86' is not a recognized feature for this target (ignoring feature)
'+ptx86' is not a recognized feature for this target (ignoring feature)
'+ptx86' is not a recognized feature for this target (ignoring feature)
'+ptx86' is not a recognized feature for this target (ignoring feature)
'+ptx86' is not a recognized feature for this target (ignoring feature)
'+ptx86' is not a recognized feature for this target (ignoring feature)
'+ptx86' is not a recognized feature for this target (ignoring feature)
'+ptx86' is not a recognized feature for this target (ignoring feature)
'+ptx86' is not a recognized feature for this target (ignoring feature)
'+ptx86' is not a recognized feature for this target (ignoring feature)
'+ptx86' is not a recognized feature for this target (ignoring feature)
'+ptx86' is not a recognized feature for this target (ignoring feature)
'+ptx86' is not a recognized feature for this target (ignoring feature)
'+ptx86' is not a recognized feature for this target (ignoring feature)
'+ptx86' is not a recognized feature for this target (ignoring feature)
'+ptx86' is not a recognized feature for this target (ignoring feature)
'+ptx86' is not a recognized feature for this target (ignoring feature)
'+ptx86' is not a recognized feature for this target (ignoring feature)
'+ptx86' is not a recognized feature for this target (ignoring feature)
'+ptx86' is not a recognized feature for this target (ignoring feature)
'+ptx86' is not a recognized feature for this target (ignoring feature)
'+ptx86' is not a recognized feature for this target (ignoring feature)
'+ptx86' is not a recognized feature for this target (ignoring feature)
'+ptx86' is not a recognized feature for this target (ignoring feature)
'+ptx86' is not a recognized feature for this target (ignoring feature)
'+ptx86' is not a recognized feature for this target (ignoring feature)
'+ptx86' is not a recognized feature for this target (ignoring feature)
'+ptx86' is not a recognized feature for this target (ignoring feature)
'+ptx86' is not a recognized feature for this target (ignoring feature)
'+ptx86' is not a recognized feature for this target (ignoring feature)
'+ptx86' is not a recognized feature for this target (ignoring feature)
'+ptx86' is not a recognized feature for this target (ignoring feature)
'+ptx86' is not a recognized feature for this target (ignoring feature)
'+ptx86' is not a recognized feature for this target (ignoring feature)
'+ptx86' is not a recognized feature for this target (ignoring feature)
'+ptx86' is not a recognized feature for this target (ignoring feature)
'+ptx86' is not a recognized feature for this target (ignoring feature)
'+ptx86' is not a recognized feature for this target (ignoring feature)
'+ptx86' is not a recognized feature for this target (ignoring feature)
'+ptx86' is not a recognized feature for this target (ignoring feature)
'+ptx86' is not a recognized feature for this target (ignoring feature)
'+ptx86' is not a recognized feature for this target (ignoring feature)
'+ptx86' is not a recognized feature for this target (ignoring feature)
'+ptx86' is not a recognized feature for this target (ignoring feature)
'+ptx86' is not a recognized feature for this target (ignoring feature)
'+ptx86' is not a recognized feature for this target (ignoring feature)
'+ptx86' is not a recognized feature for this target (ignoring feature)
'+ptx86' is not a recognized feature for this target (ignoring feature)
'+ptx86' is not a recognized feature for this target (ignoring feature)
'+ptx86' is not a recognized feature for this target (ignoring feature)
'+ptx86' is not a recognized feature for this target (ignoring feature)
'+ptx86' is not a recognized feature for this target (ignoring feature)
'+ptx86' is not a recognized feature for this target (ignoring feature)
'+ptx86' is not a recognized feature for this target (ignoring feature)
'+ptx86' is not a recognized feature for this target (ignoring feature)
'+ptx86' is not a recognized feature for this target (ignoring feature)
'+ptx86' is not a recognized feature for this target (ignoring feature)
'+ptx86' is not a recognized feature for this target (ignoring feature)
'+ptx86' is not a recognized feature for this target (ignoring feature)
'+ptx86' is not a recognized feature for this target (ignoring feature)
'+ptx86' is not a recognized feature for this target (ignoring feature)
'+ptx86' is not a recognized feature for this target (ignoring feature)
'+ptx86' is not a recognized feature for this target (ignoring feature)
'+ptx86' is not a recognized feature for this target (ignoring feature)
'+ptx86' is not a recognized feature for this target (ignoring feature)
'+ptx86' is not a recognized feature for this target (ignoring feature)
'+ptx86' is not a recognized feature for this target (ignoring feature)
'+ptx86' is not a recognized feature for this target (ignoring feature)
'+ptx86' is not a recognized feature for this target (ignoring feature)
'+ptx86' is not a recognized feature for this target (ignoring feature)
'+ptx86' is not a recognized feature for this target (ignoring feature)
'+ptx86' is not a recognized feature for this target (ignoring feature)
'+ptx86' is not a recognized feature for this target (ignoring feature)
'+ptx86' is not a recognized feature for this target (ignoring feature)
'+ptx86' is not a recognized feature for this target (ignoring feature)
'+ptx86' is not a recognized feature for this target (ignoring feature)
'+ptx86' is not a recognized feature for this target (ignoring feature)
'+ptx86' is not a recognized feature for this target (ignoring feature)
'+ptx86' is not a recognized feature for this target (ignoring feature)
'+ptx86' is not a recognized feature for this target (ignoring feature)
'+ptx86' is not a recognized feature for this target (ignoring feature)
'+ptx86' is not a recognized feature for this target (ignoring feature)
'+ptx86' is not a recognized feature for this target (ignoring feature)
'+ptx86' is not a recognized feature for this target (ignoring feature)
'+ptx86' is not a recognized feature for this target (ignoring feature)
'+ptx86' is not a recognized feature for this target (ignoring feature)
'+ptx86' is not a recognized feature for this target (ignoring feature)
'+ptx86' is not a recognized feature for this target (ignoring feature)
'+ptx86' is not a recognized feature for this target (ignoring feature)
'+ptx86' is not a recognized feature for this target (ignoring feature)
'+ptx86' is not a recognized feature for this target (ignoring feature)
'+ptx86' is not a recognized feature for this target (ignoring feature)
'+ptx86' is not a recognized feature for this target (ignoring feature)
'+ptx86' is not a recognized feature for this target (ignoring feature)
'+ptx86' is not a recognized feature for this target (ignoring feature)
'+ptx86' is not a recognized feature for this target (ignoring feature)
'+ptx86' is not a recognized feature for this target (ignoring feature)
'+ptx86' is not a recognized feature for this target (ignoring feature)
'+ptx86' is not a recognized feature for this target (ignoring feature)
'+ptx86' is not a recognized feature for this target (ignoring feature)
'+ptx86' is not a recognized feature for this target (ignoring feature)
'+ptx86' is not a recognized feature for this target (ignoring feature)
'+ptx86' is not a recognized feature for this target (ignoring feature)
'+ptx86' is not a recognized feature for this target (ignoring feature)
'+ptx86' is not a recognized feature for this target (ignoring feature)
'+ptx86' is not a recognized feature for this target (ignoring feature)
'+ptx86' is not a recognized feature for this target (ignoring feature)
'+ptx86' is not a recognized feature for this target (ignoring feature)
'+ptx86' is not a recognized feature for this target (ignoring feature)
'+ptx86' is not a recognized feature for this target (ignoring feature)
'+ptx86' is not a recognized feature for this target (ignoring feature)
'+ptx86' is not a recognized feature for this target (ignoring feature)
'+ptx86' is not a recognized feature for this target (ignoring feature)
'+ptx86' is not a recognized feature for this target (ignoring feature)
'+ptx86' is not a recognized feature for this target (ignoring feature)
'+ptx86' is not a recognized feature for this target (ignoring feature)
'+ptx86' is not a recognized feature for this target (ignoring feature)
'+ptx86' is not a recognized feature for this target (ignoring feature)
'+ptx86' is not a recognized feature for this target (ignoring feature)
'+ptx86' is not a recognized feature for this target (ignoring feature)
'+ptx86' is not a recognized feature for this target (ignoring feature)
'+ptx86' is not a recognized feature for this target (ignoring feature)
'+ptx86' is not a recognized feature for this target (ignoring feature)
'+ptx86' is not a recognized feature for this target (ignoring feature)
'+ptx86' is not a recognized feature for this target (ignoring feature)
'+ptx86' is not a recognized feature for this target (ignoring feature)
'+ptx86' is not a recognized feature for this target (ignoring feature)
'+ptx86' is not a recognized feature for this target (ignoring feature)
'+ptx86' is not a recognized feature for this target (ignoring feature)
'+ptx86' is not a recognized feature for this target (ignoring feature)
'+ptx86' is not a recognized feature for this target (ignoring feature)
'+ptx86' is not a recognized feature for this target (ignoring feature)
'+ptx86' is not a recognized feature for this target (ignoring feature)
'+ptx86' is not a recognized feature for this target (ignoring feature)
'+ptx86' is not a recognized feature for this target (ignoring feature)
'+ptx86' is not a recognized feature for this target (ignoring feature)
'+ptx86' is not a recognized feature for this target (ignoring feature)
'+ptx86' is not a recognized feature for this target (ignoring feature)
'+ptx86' is not a recognized feature for this target (ignoring feature)
'+ptx86' is not a recognized feature for this target (ignoring feature)
'+ptx86' is not a recognized feature for this target (ignoring feature)
'+ptx86' is not a recognized feature for this target (ignoring feature)
'+ptx86' is not a recognized feature for this target (ignoring feature)
'+ptx86' is not a recognized feature for this target (ignoring feature)
'+ptx86' is not a recognized feature for this target (ignoring feature)
'+ptx86' is not a recognized feature for this target (ignoring feature)
'+ptx86' is not a recognized feature for this target (ignoring feature)
'+ptx86' is not a recognized feature for this target (ignoring feature)
'+ptx86' is not a recognized feature for this target (ignoring feature)
'+ptx86' is not a recognized feature for this target (ignoring feature)
'+ptx86' is not a recognized feature for this target (ignoring feature)
'+ptx86' is not a recognized feature for this target (ignoring feature)
'+ptx86' is not a recognized feature for this target (ignoring feature)
'+ptx86' is not a recognized feature for this target (ignoring feature)
'+ptx86' is not a recognized feature for this target (ignoring feature)
'+ptx86' is not a recognized feature for this target (ignoring feature)
'+ptx86' is not a recognized feature for this target (ignoring feature)
'+ptx86' is not a recognized feature for this target (ignoring feature)
'+ptx86' is not a recognized feature for this target (ignoring feature)
'+ptx86' is not a recognized feature for this target (ignoring feature)
'+ptx86' is not a recognized feature for this target (ignoring feature)
'+ptx86' is not a recognized feature for this target (ignoring feature)
'+ptx86' is not a recognized feature for this target (ignoring feature)
'+ptx86' is not a recognized feature for this target (ignoring feature)
'+ptx86' is not a recognized feature for this target (ignoring feature)
'+ptx86' is not a recognized feature for this target (ignoring feature)
'+ptx86' is not a recognized feature for this target (ignoring feature)
'+ptx86' is not a recognized feature for this target (ignoring feature)
'+ptx86' is not a recognized feature for this target (ignoring feature)
'+ptx86' is not a recognized feature for this target (ignoring feature)
'+ptx86' is not a recognized feature for this target (ignoring feature)
'+ptx86' is not a recognized feature for this target (ignoring feature)
'+ptx86' is not a recognized feature for this target (ignoring feature)
'+ptx86' is not a recognized feature for this target (ignoring feature)
'+ptx86' is not a recognized feature for this target (ignoring feature)
'+ptx86' is not a recognized feature for this target (ignoring feature)
'+ptx86' is not a recognized feature for this target (ignoring feature)
'+ptx86' is not a recognized feature for this target (ignoring feature)
'+ptx86' is not a recognized feature for this target (ignoring feature)
'+ptx86' is not a recognized feature for this target (ignoring feature)
'+ptx86' is not a recognized feature for this target (ignoring feature)
'+ptx86' is not a recognized feature for this target (ignoring feature)
'+ptx86' is not a recognized feature for this target (ignoring feature)
'+ptx86' is not a recognized feature for this target (ignoring feature)
'+ptx86' is not a recognized feature for this target (ignoring feature)
'+ptx86' is not a recognized feature for this target (ignoring feature)
'+ptx86' is not a recognized feature for this target (ignoring feature)
'+ptx86' is not a recognized feature for this target (ignoring feature)
'+ptx86' is not a recognized feature for this target (ignoring feature)
'+ptx86' is not a recognized feature for this target (ignoring feature)
'+ptx86' is not a recognized feature for this target (ignoring feature)
'+ptx86' is not a recognized feature for this target (ignoring feature)
'+ptx86' is not a recognized feature for this target (ignoring feature)
'+ptx86' is not a recognized feature for this target (ignoring feature)
'+ptx86' is not a recognized feature for this target (ignoring feature)
'+ptx86' is not a recognized feature for this target (ignoring feature)
'+ptx86' is not a recognized feature for this target (ignoring feature)
'+ptx86' is not a recognized feature for this target (ignoring feature)
'+ptx86' is not a recognized feature for this target (ignoring feature)
'+ptx86' is not a recognized feature for this target (ignoring feature)
'+ptx86' is not a recognized feature for this target (ignoring feature)
'+ptx86' is not a recognized feature for this target (ignoring feature)
'+ptx86' is not a recognized feature for this target (ignoring feature)
'+ptx86' is not a recognized feature for this target (ignoring feature)
'+ptx86' is not a recognized feature for this target (ignoring feature)
'+ptx86' is not a recognized feature for this target (ignoring feature)
'+ptx86' is not a recognized feature for this target (ignoring feature)
'+ptx86' is not a recognized feature for this target (ignoring feature)
'+ptx86' is not a recognized feature for this target (ignoring feature)
'+ptx86' is not a recognized feature for this target (ignoring feature)
'+ptx86' is not a recognized feature for this target (ignoring feature)
'+ptx86' is not a recognized feature for this target (ignoring feature)
'+ptx86' is not a recognized feature for this target (ignoring feature)
'+ptx86' is not a recognized feature for this target (ignoring feature)
'+ptx86' is not a recognized feature for this target (ignoring feature)
'+ptx86' is not a recognized feature for this target (ignoring feature)
'+ptx86' is not a recognized feature for this target (ignoring feature)
'+ptx86' is not a recognized feature for this target (ignoring feature)
'+ptx86' is not a recognized feature for this target (ignoring feature)
'+ptx86' is not a recognized feature for this target (ignoring feature)
'+ptx86' is not a recognized feature for this target (ignoring feature)
'+ptx86' is not a recognized feature for this target (ignoring feature)
'+ptx86' is not a recognized feature for this target (ignoring feature)
'+ptx86' is not a recognized feature for this target (ignoring feature)
'+ptx86' is not a recognized feature for this target (ignoring feature)
'+ptx86' is not a recognized feature for this target (ignoring feature)
'+ptx86' is not a recognized feature for this target (ignoring feature)
'+ptx86' is not a recognized feature for this target (ignoring feature)
'+ptx86' is not a recognized feature for this target (ignoring feature)
'+ptx86' is not a recognized feature for this target (ignoring feature)
'+ptx86' is not a recognized feature for this target (ignoring feature)
'+ptx86' is not a recognized feature for this target (ignoring feature)
'+ptx86' is not a recognized feature for this target (ignoring feature)
'+ptx86' is not a recognized feature for this target (ignoring feature)
'+ptx86' is not a recognized feature for this target (ignoring feature)
'+ptx86' is not a recognized feature for this target (ignoring feature)
'+ptx86' is not a recognized feature for this target (ignoring feature)
'+ptx86' is not a recognized feature for this target (ignoring feature)
'+ptx86' is not a recognized feature for this target (ignoring feature)
'+ptx86' is not a recognized feature for this target (ignoring feature)
'+ptx86' is not a recognized feature for this target (ignoring feature)
'+ptx86' is not a recognized feature for this target (ignoring feature)
'+ptx86' is not a recognized feature for this target (ignoring feature)
'+ptx86' is not a recognized feature for this target (ignoring feature)
'+ptx86' is not a recognized feature for this target (ignoring feature)
'+ptx86' is not a recognized feature for this target (ignoring feature)
'+ptx86' is not a recognized feature for this target (ignoring feature)
'+ptx86' is not a recognized feature for this target (ignoring feature)
'+ptx86' is not a recognized feature for this target (ignoring feature)
srun: Job step aborted: Waiting up to 92 seconds for job step to finish.
slurmstepd: error: *** STEP 12477924.0 ON lrdn1910 CANCELLED AT 2025-02-14T23:03:17 ***
slurmstepd: error: *** JOB 12477924 ON lrdn1910 CANCELLED AT 2025-02-14T23:03:17 ***
