2025-02-19 15:28:04.290731: E external/local_xla/xla/stream_executor/cuda/cuda_fft.cc:485] Unable to register cuFFT factory: Attempting to register factory for plugin cuFFT when one has already been registered
2025-02-19 15:28:04.530932: E external/local_xla/xla/stream_executor/cuda/cuda_dnn.cc:8454] Unable to register cuDNN factory: Attempting to register factory for plugin cuDNN when one has already been registered
2025-02-19 15:28:04.594982: E external/local_xla/xla/stream_executor/cuda/cuda_blas.cc:1452] Unable to register cuBLAS factory: Attempting to register factory for plugin cuBLAS when one has already been registered
2025-02-19 15:28:07.295141: W tensorflow/compiler/tf2tensorrt/utils/py_utils.cc:38] TF-TRT Warning: Could not find TensorRT
2025-02-19 15:28:20.376659: W external/xla/xla/service/gpu/nvptx_compiler.cc:760] The NVIDIA driver's CUDA version is 12.1 which is older than the ptxas CUDA version (12.6.20). Because the driver is older than the ptxas version, XLA is disabling parallel compilation, which may slow down compilation. You should update your NVIDIA driver or use the NVIDIA-provided CUDA forward compatibility packages.
'+ptx86' is not a recognized feature for this target (ignoring feature)
'+ptx86' is not a recognized feature for this target (ignoring feature)
'+ptx86' is not a recognized feature for this target (ignoring feature)
'+ptx86' is not a recognized feature for this target (ignoring feature)
'+ptx86' is not a recognized feature for this target (ignoring feature)
'+ptx86' is not a recognized feature for this target (ignoring feature)
'+ptx86' is not a recognized feature for this target (ignoring feature)
'+ptx86' is not a recognized feature for this target (ignoring feature)
'+ptx86' is not a recognized feature for this target (ignoring feature)
'+ptx86' is not a recognized feature for this target (ignoring feature)
'+ptx86' is not a recognized feature for this target (ignoring feature)
'+ptx86' is not a recognized feature for this target (ignoring feature)
'+ptx86' is not a recognized feature for this target (ignoring feature)
'+ptx86' is not a recognized feature for this target (ignoring feature)
'+ptx86' is not a recognized feature for this target (ignoring feature)
'+ptx86' is not a recognized feature for this target (ignoring feature)
'+ptx86' is not a recognized feature for this target (ignoring feature)
'+ptx86' is not a recognized feature for this target (ignoring feature)
'+ptx86' is not a recognized feature for this target (ignoring feature)
'+ptx86' is not a recognized feature for this target (ignoring feature)
'+ptx86' is not a recognized feature for this target (ignoring feature)
'+ptx86' is not a recognized feature for this target (ignoring feature)
'+ptx86' is not a recognized feature for this target (ignoring feature)
'+ptx86' is not a recognized feature for this target (ignoring feature)
'+ptx86' is not a recognized feature for this target (ignoring feature)
'+ptx86' is not a recognized feature for this target (ignoring feature)
'+ptx86' is not a recognized feature for this target (ignoring feature)
'+ptx86' is not a recognized feature for this target (ignoring feature)
'+ptx86' is not a recognized feature for this target (ignoring feature)
'+ptx86' is not a recognized feature for this target (ignoring feature)
'+ptx86' is not a recognized feature for this target (ignoring feature)
'+ptx86' is not a recognized feature for this target (ignoring feature)
'+ptx86' is not a recognized feature for this target (ignoring feature)
'+ptx86' is not a recognized feature for this target (ignoring feature)
'+ptx86' is not a recognized feature for this target (ignoring feature)
'+ptx86' is not a recognized feature for this target (ignoring feature)
'+ptx86' is not a recognized feature for this target (ignoring feature)
'+ptx86' is not a recognized feature for this target (ignoring feature)
'+ptx86' is not a recognized feature for this target (ignoring feature)
'+ptx86' is not a recognized feature for this target (ignoring feature)
'+ptx86' is not a recognized feature for this target (ignoring feature)
'+ptx86' is not a recognized feature for this target (ignoring feature)
'+ptx86' is not a recognized feature for this target (ignoring feature)
'+ptx86' is not a recognized feature for this target (ignoring feature)
'+ptx86' is not a recognized feature for this target (ignoring feature)
'+ptx86' is not a recognized feature for this target (ignoring feature)
'+ptx86' is not a recognized feature for this target (ignoring feature)
'+ptx86' is not a recognized feature for this target (ignoring feature)
'+ptx86' is not a recognized feature for this target (ignoring feature)
'+ptx86' is not a recognized feature for this target (ignoring feature)
'+ptx86' is not a recognized feature for this target (ignoring feature)
'+ptx86' is not a recognized feature for this target (ignoring feature)
'+ptx86' is not a recognized feature for this target (ignoring feature)
'+ptx86' is not a recognized feature for this target (ignoring feature)
'+ptx86' is not a recognized feature for this target (ignoring feature)
'+ptx86' is not a recognized feature for this target (ignoring feature)
'+ptx86' is not a recognized feature for this target (ignoring feature)
'+ptx86' is not a recognized feature for this target (ignoring feature)
'+ptx86' is not a recognized feature for this target (ignoring feature)
'+ptx86' is not a recognized feature for this target (ignoring feature)
'+ptx86' is not a recognized feature for this target (ignoring feature)
'+ptx86' is not a recognized feature for this target (ignoring feature)
'+ptx86' is not a recognized feature for this target (ignoring feature)
'+ptx86' is not a recognized feature for this target (ignoring feature)
'+ptx86' is not a recognized feature for this target (ignoring feature)
'+ptx86' is not a recognized feature for this target (ignoring feature)
'+ptx86' is not a recognized feature for this target (ignoring feature)
'+ptx86' is not a recognized feature for this target (ignoring feature)
'+ptx86' is not a recognized feature for this target (ignoring feature)
'+ptx86' is not a recognized feature for this target (ignoring feature)
'+ptx86' is not a recognized feature for this target (ignoring feature)
'+ptx86' is not a recognized feature for this target (ignoring feature)
'+ptx86' is not a recognized feature for this target (ignoring feature)
'+ptx86' is not a recognized feature for this target (ignoring feature)
'+ptx86' is not a recognized feature for this target (ignoring feature)
'+ptx86' is not a recognized feature for this target (ignoring feature)
'+ptx86' is not a recognized feature for this target (ignoring feature)
'+ptx86' is not a recognized feature for this target (ignoring feature)
'+ptx86' is not a recognized feature for this target (ignoring feature)
'+ptx86' is not a recognized feature for this target (ignoring feature)
'+ptx86' is not a recognized feature for this target (ignoring feature)
'+ptx86' is not a recognized feature for this target (ignoring feature)
'+ptx86' is not a recognized feature for this target (ignoring feature)
'+ptx86' is not a recognized feature for this target (ignoring feature)
'+ptx86' is not a recognized feature for this target (ignoring feature)
'+ptx86' is not a recognized feature for this target (ignoring feature)
'+ptx86' is not a recognized feature for this target (ignoring feature)
'+ptx86' is not a recognized feature for this target (ignoring feature)
'+ptx86' is not a recognized feature for this target (ignoring feature)
'+ptx86' is not a recognized feature for this target (ignoring feature)
'+ptx86' is not a recognized feature for this target (ignoring feature)
'+ptx86' is not a recognized feature for this target (ignoring feature)
'+ptx86' is not a recognized feature for this target (ignoring feature)
'+ptx86' is not a recognized feature for this target (ignoring feature)
'+ptx86' is not a recognized feature for this target (ignoring feature)
'+ptx86' is not a recognized feature for this target (ignoring feature)
'+ptx86' is not a recognized feature for this target (ignoring feature)
'+ptx86' is not a recognized feature for this target (ignoring feature)
'+ptx86' is not a recognized feature for this target (ignoring feature)
'+ptx86' is not a recognized feature for this target (ignoring feature)
'+ptx86' is not a recognized feature for this target (ignoring feature)
'+ptx86' is not a recognized feature for this target (ignoring feature)
'+ptx86' is not a recognized feature for this target (ignoring feature)
'+ptx86' is not a recognized feature for this target (ignoring feature)
'+ptx86' is not a recognized feature for this target (ignoring feature)
'+ptx86' is not a recognized feature for this target (ignoring feature)
'+ptx86' is not a recognized feature for this target (ignoring feature)
'+ptx86' is not a recognized feature for this target (ignoring feature)
'+ptx86' is not a recognized feature for this target (ignoring feature)
'+ptx86' is not a recognized feature for this target (ignoring feature)
'+ptx86' is not a recognized feature for this target (ignoring feature)
'+ptx86' is not a recognized feature for this target (ignoring feature)
'+ptx86' is not a recognized feature for this target (ignoring feature)
'+ptx86' is not a recognized feature for this target (ignoring feature)
'+ptx86' is not a recognized feature for this target (ignoring feature)
'+ptx86' is not a recognized feature for this target (ignoring feature)
'+ptx86' is not a recognized feature for this target (ignoring feature)
'+ptx86' is not a recognized feature for this target (ignoring feature)
'+ptx86' is not a recognized feature for this target (ignoring feature)
'+ptx86' is not a recognized feature for this target (ignoring feature)
'+ptx86' is not a recognized feature for this target (ignoring feature)
'+ptx86' is not a recognized feature for this target (ignoring feature)
'+ptx86' is not a recognized feature for this target (ignoring feature)
'+ptx86' is not a recognized feature for this target (ignoring feature)
'+ptx86' is not a recognized feature for this target (ignoring feature)
'+ptx86' is not a recognized feature for this target (ignoring feature)
'+ptx86' is not a recognized feature for this target (ignoring feature)
'+ptx86' is not a recognized feature for this target (ignoring feature)
'+ptx86' is not a recognized feature for this target (ignoring feature)
'+ptx86' is not a recognized feature for this target (ignoring feature)
'+ptx86' is not a recognized feature for this target (ignoring feature)
'+ptx86' is not a recognized feature for this target (ignoring feature)
'+ptx86' is not a recognized feature for this target (ignoring feature)
'+ptx86' is not a recognized feature for this target (ignoring feature)
'+ptx86' is not a recognized feature for this target (ignoring feature)
'+ptx86' is not a recognized feature for this target (ignoring feature)
'+ptx86' is not a recognized feature for this target (ignoring feature)
'+ptx86' is not a recognized feature for this target (ignoring feature)
'+ptx86' is not a recognized feature for this target (ignoring feature)
'+ptx86' is not a recognized feature for this target (ignoring feature)
'+ptx86' is not a recognized feature for this target (ignoring feature)
'+ptx86' is not a recognized feature for this target (ignoring feature)
'+ptx86' is not a recognized feature for this target (ignoring feature)
'+ptx86' is not a recognized feature for this target (ignoring feature)
'+ptx86' is not a recognized feature for this target (ignoring feature)
'+ptx86' is not a recognized feature for this target (ignoring feature)
'+ptx86' is not a recognized feature for this target (ignoring feature)
'+ptx86' is not a recognized feature for this target (ignoring feature)
'+ptx86' is not a recognized feature for this target (ignoring feature)
'+ptx86' is not a recognized feature for this target (ignoring feature)
'+ptx86' is not a recognized feature for this target (ignoring feature)
'+ptx86' is not a recognized feature for this target (ignoring feature)
'+ptx86' is not a recognized feature for this target (ignoring feature)
'+ptx86' is not a recognized feature for this target (ignoring feature)
'+ptx86' is not a recognized feature for this target (ignoring feature)
'+ptx86' is not a recognized feature for this target (ignoring feature)
'+ptx86' is not a recognized feature for this target (ignoring feature)
'+ptx86' is not a recognized feature for this target (ignoring feature)
'+ptx86' is not a recognized feature for this target (ignoring feature)
'+ptx86' is not a recognized feature for this target (ignoring feature)
'+ptx86' is not a recognized feature for this target (ignoring feature)
'+ptx86' is not a recognized feature for this target (ignoring feature)
'+ptx86' is not a recognized feature for this target (ignoring feature)
'+ptx86' is not a recognized feature for this target (ignoring feature)
'+ptx86' is not a recognized feature for this target (ignoring feature)
'+ptx86' is not a recognized feature for this target (ignoring feature)
'+ptx86' is not a recognized feature for this target (ignoring feature)
'+ptx86' is not a recognized feature for this target (ignoring feature)
'+ptx86' is not a recognized feature for this target (ignoring feature)
'+ptx86' is not a recognized feature for this target (ignoring feature)
'+ptx86' is not a recognized feature for this target (ignoring feature)
'+ptx86' is not a recognized feature for this target (ignoring feature)
'+ptx86' is not a recognized feature for this target (ignoring feature)
'+ptx86' is not a recognized feature for this target (ignoring feature)
'+ptx86' is not a recognized feature for this target (ignoring feature)
'+ptx86' is not a recognized feature for this target (ignoring feature)
'+ptx86' is not a recognized feature for this target (ignoring feature)
'+ptx86' is not a recognized feature for this target (ignoring feature)
'+ptx86' is not a recognized feature for this target (ignoring feature)
'+ptx86' is not a recognized feature for this target (ignoring feature)
'+ptx86' is not a recognized feature for this target (ignoring feature)
'+ptx86' is not a recognized feature for this target (ignoring feature)
'+ptx86' is not a recognized feature for this target (ignoring feature)
'+ptx86' is not a recognized feature for this target (ignoring feature)
'+ptx86' is not a recognized feature for this target (ignoring feature)
'+ptx86' is not a recognized feature for this target (ignoring feature)
'+ptx86' is not a recognized feature for this target (ignoring feature)
'+ptx86' is not a recognized feature for this target (ignoring feature)
'+ptx86' is not a recognized feature for this target (ignoring feature)
'+ptx86' is not a recognized feature for this target (ignoring feature)
'+ptx86' is not a recognized feature for this target (ignoring feature)
'+ptx86' is not a recognized feature for this target (ignoring feature)
'+ptx86' is not a recognized feature for this target (ignoring feature)
'+ptx86' is not a recognized feature for this target (ignoring feature)
'+ptx86' is not a recognized feature for this target (ignoring feature)
'+ptx86' is not a recognized feature for this target (ignoring feature)
'+ptx86' is not a recognized feature for this target (ignoring feature)
'+ptx86' is not a recognized feature for this target (ignoring feature)
'+ptx86' is not a recognized feature for this target (ignoring feature)
'+ptx86' is not a recognized feature for this target (ignoring feature)
'+ptx86' is not a recognized feature for this target (ignoring feature)
'+ptx86' is not a recognized feature for this target (ignoring feature)
'+ptx86' is not a recognized feature for this target (ignoring feature)
'+ptx86' is not a recognized feature for this target (ignoring feature)
'+ptx86' is not a recognized feature for this target (ignoring feature)
'+ptx86' is not a recognized feature for this target (ignoring feature)
'+ptx86' is not a recognized feature for this target (ignoring feature)
'+ptx86' is not a recognized feature for this target (ignoring feature)
'+ptx86' is not a recognized feature for this target (ignoring feature)
'+ptx86' is not a recognized feature for this target (ignoring feature)
'+ptx86' is not a recognized feature for this target (ignoring feature)
'+ptx86' is not a recognized feature for this target (ignoring feature)
'+ptx86' is not a recognized feature for this target (ignoring feature)
'+ptx86' is not a recognized feature for this target (ignoring feature)
'+ptx86' is not a recognized feature for this target (ignoring feature)
'+ptx86' is not a recognized feature for this target (ignoring feature)
'+ptx86' is not a recognized feature for this target (ignoring feature)
'+ptx86' is not a recognized feature for this target (ignoring feature)
'+ptx86' is not a recognized feature for this target (ignoring feature)
'+ptx86' is not a recognized feature for this target (ignoring feature)
'+ptx86' is not a recognized feature for this target (ignoring feature)
'+ptx86' is not a recognized feature for this target (ignoring feature)
'+ptx86' is not a recognized feature for this target (ignoring feature)
'+ptx86' is not a recognized feature for this target (ignoring feature)
'+ptx86' is not a recognized feature for this target (ignoring feature)
'+ptx86' is not a recognized feature for this target (ignoring feature)
'+ptx86' is not a recognized feature for this target (ignoring feature)
'+ptx86' is not a recognized feature for this target (ignoring feature)
'+ptx86' is not a recognized feature for this target (ignoring feature)
'+ptx86' is not a recognized feature for this target (ignoring feature)
'+ptx86' is not a recognized feature for this target (ignoring feature)
'+ptx86' is not a recognized feature for this target (ignoring feature)
'+ptx86' is not a recognized feature for this target (ignoring feature)
'+ptx86' is not a recognized feature for this target (ignoring feature)
'+ptx86' is not a recognized feature for this target (ignoring feature)
'+ptx86' is not a recognized feature for this target (ignoring feature)
'+ptx86' is not a recognized feature for this target (ignoring feature)
'+ptx86' is not a recognized feature for this target (ignoring feature)
'+ptx86' is not a recognized feature for this target (ignoring feature)
'+ptx86' is not a recognized feature for this target (ignoring feature)
'+ptx86' is not a recognized feature for this target (ignoring feature)
'+ptx86' is not a recognized feature for this target (ignoring feature)
'+ptx86' is not a recognized feature for this target (ignoring feature)
'+ptx86' is not a recognized feature for this target (ignoring feature)
'+ptx86' is not a recognized feature for this target (ignoring feature)
'+ptx86' is not a recognized feature for this target (ignoring feature)
'+ptx86' is not a recognized feature for this target (ignoring feature)
'+ptx86' is not a recognized feature for this target (ignoring feature)
'+ptx86' is not a recognized feature for this target (ignoring feature)
'+ptx86' is not a recognized feature for this target (ignoring feature)
'+ptx86' is not a recognized feature for this target (ignoring feature)
'+ptx86' is not a recognized feature for this target (ignoring feature)
'+ptx86' is not a recognized feature for this target (ignoring feature)
'+ptx86' is not a recognized feature for this target (ignoring feature)
'+ptx86' is not a recognized feature for this target (ignoring feature)
'+ptx86' is not a recognized feature for this target (ignoring feature)
'+ptx86' is not a recognized feature for this target (ignoring feature)
'+ptx86' is not a recognized feature for this target (ignoring feature)
'+ptx86' is not a recognized feature for this target (ignoring feature)
'+ptx86' is not a recognized feature for this target (ignoring feature)
'+ptx86' is not a recognized feature for this target (ignoring feature)
'+ptx86' is not a recognized feature for this target (ignoring feature)
'+ptx86' is not a recognized feature for this target (ignoring feature)
'+ptx86' is not a recognized feature for this target (ignoring feature)
'+ptx86' is not a recognized feature for this target (ignoring feature)
'+ptx86' is not a recognized feature for this target (ignoring feature)
'+ptx86' is not a recognized feature for this target (ignoring feature)
'+ptx86' is not a recognized feature for this target (ignoring feature)
'+ptx86' is not a recognized feature for this target (ignoring feature)
'+ptx86' is not a recognized feature for this target (ignoring feature)
'+ptx86' is not a recognized feature for this target (ignoring feature)
'+ptx86' is not a recognized feature for this target (ignoring feature)
'+ptx86' is not a recognized feature for this target (ignoring feature)
'+ptx86' is not a recognized feature for this target (ignoring feature)
'+ptx86' is not a recognized feature for this target (ignoring feature)
'+ptx86' is not a recognized feature for this target (ignoring feature)
'+ptx86' is not a recognized feature for this target (ignoring feature)
'+ptx86' is not a recognized feature for this target (ignoring feature)
'+ptx86' is not a recognized feature for this target (ignoring feature)
'+ptx86' is not a recognized feature for this target (ignoring feature)
'+ptx86' is not a recognized feature for this target (ignoring feature)
'+ptx86' is not a recognized feature for this target (ignoring feature)
'+ptx86' is not a recognized feature for this target (ignoring feature)
'+ptx86' is not a recognized feature for this target (ignoring feature)
'+ptx86' is not a recognized feature for this target (ignoring feature)
'+ptx86' is not a recognized feature for this target (ignoring feature)
'+ptx86' is not a recognized feature for this target (ignoring feature)
'+ptx86' is not a recognized feature for this target (ignoring feature)
'+ptx86' is not a recognized feature for this target (ignoring feature)
'+ptx86' is not a recognized feature for this target (ignoring feature)
'+ptx86' is not a recognized feature for this target (ignoring feature)
'+ptx86' is not a recognized feature for this target (ignoring feature)
'+ptx86' is not a recognized feature for this target (ignoring feature)
'+ptx86' is not a recognized feature for this target (ignoring feature)
'+ptx86' is not a recognized feature for this target (ignoring feature)
'+ptx86' is not a recognized feature for this target (ignoring feature)
'+ptx86' is not a recognized feature for this target (ignoring feature)
'+ptx86' is not a recognized feature for this target (ignoring feature)
'+ptx86' is not a recognized feature for this target (ignoring feature)
'+ptx86' is not a recognized feature for this target (ignoring feature)
'+ptx86' is not a recognized feature for this target (ignoring feature)
'+ptx86' is not a recognized feature for this target (ignoring feature)
'+ptx86' is not a recognized feature for this target (ignoring feature)
'+ptx86' is not a recognized feature for this target (ignoring feature)
'+ptx86' is not a recognized feature for this target (ignoring feature)
'+ptx86' is not a recognized feature for this target (ignoring feature)
'+ptx86' is not a recognized feature for this target (ignoring feature)
'+ptx86' is not a recognized feature for this target (ignoring feature)
'+ptx86' is not a recognized feature for this target (ignoring feature)
'+ptx86' is not a recognized feature for this target (ignoring feature)
'+ptx86' is not a recognized feature for this target (ignoring feature)
'+ptx86' is not a recognized feature for this target (ignoring feature)
'+ptx86' is not a recognized feature for this target (ignoring feature)
'+ptx86' is not a recognized feature for this target (ignoring feature)
'+ptx86' is not a recognized feature for this target (ignoring feature)
'+ptx86' is not a recognized feature for this target (ignoring feature)
'+ptx86' is not a recognized feature for this target (ignoring feature)
'+ptx86' is not a recognized feature for this target (ignoring feature)
'+ptx86' is not a recognized feature for this target (ignoring feature)
'+ptx86' is not a recognized feature for this target (ignoring feature)
'+ptx86' is not a recognized feature for this target (ignoring feature)
'+ptx86' is not a recognized feature for this target (ignoring feature)
'+ptx86' is not a recognized feature for this target (ignoring feature)
'+ptx86' is not a recognized feature for this target (ignoring feature)
'+ptx86' is not a recognized feature for this target (ignoring feature)
'+ptx86' is not a recognized feature for this target (ignoring feature)
'+ptx86' is not a recognized feature for this target (ignoring feature)
'+ptx86' is not a recognized feature for this target (ignoring feature)
'+ptx86' is not a recognized feature for this target (ignoring feature)
'+ptx86' is not a recognized feature for this target (ignoring feature)
'+ptx86' is not a recognized feature for this target (ignoring feature)
'+ptx86' is not a recognized feature for this target (ignoring feature)
'+ptx86' is not a recognized feature for this target (ignoring feature)
'+ptx86' is not a recognized feature for this target (ignoring feature)
'+ptx86' is not a recognized feature for this target (ignoring feature)
'+ptx86' is not a recognized feature for this target (ignoring feature)
'+ptx86' is not a recognized feature for this target (ignoring feature)
'+ptx86' is not a recognized feature for this target (ignoring feature)
'+ptx86' is not a recognized feature for this target (ignoring feature)
'+ptx86' is not a recognized feature for this target (ignoring feature)
'+ptx86' is not a recognized feature for this target (ignoring feature)
'+ptx86' is not a recognized feature for this target (ignoring feature)
'+ptx86' is not a recognized feature for this target (ignoring feature)
'+ptx86' is not a recognized feature for this target (ignoring feature)
'+ptx86' is not a recognized feature for this target (ignoring feature)
'+ptx86' is not a recognized feature for this target (ignoring feature)
'+ptx86' is not a recognized feature for this target (ignoring feature)
'+ptx86' is not a recognized feature for this target (ignoring feature)
'+ptx86' is not a recognized feature for this target (ignoring feature)
'+ptx86' is not a recognized feature for this target (ignoring feature)
'+ptx86' is not a recognized feature for this target (ignoring feature)
'+ptx86' is not a recognized feature for this target (ignoring feature)
'+ptx86' is not a recognized feature for this target (ignoring feature)
'+ptx86' is not a recognized feature for this target (ignoring feature)
'+ptx86' is not a recognized feature for this target (ignoring feature)
'+ptx86' is not a recognized feature for this target (ignoring feature)
'+ptx86' is not a recognized feature for this target (ignoring feature)
'+ptx86' is not a recognized feature for this target (ignoring feature)
'+ptx86' is not a recognized feature for this target (ignoring feature)
'+ptx86' is not a recognized feature for this target (ignoring feature)
slurmstepd: error: *** STEP 12744112.0 ON lrdn3319 CANCELLED AT 2025-02-20T15:30:58 DUE TO TIME LIMIT ***
slurmstepd: error: *** JOB 12744112 ON lrdn3319 CANCELLED AT 2025-02-20T15:30:58 DUE TO TIME LIMIT ***
