2025-02-21 02:26:30.158315: E external/local_xla/xla/stream_executor/cuda/cuda_fft.cc:485] Unable to register cuFFT factory: Attempting to register factory for plugin cuFFT when one has already been registered
2025-02-21 02:26:30.334664: E external/local_xla/xla/stream_executor/cuda/cuda_dnn.cc:8454] Unable to register cuDNN factory: Attempting to register factory for plugin cuDNN when one has already been registered
2025-02-21 02:26:30.391240: E external/local_xla/xla/stream_executor/cuda/cuda_blas.cc:1452] Unable to register cuBLAS factory: Attempting to register factory for plugin cuBLAS when one has already been registered
2025-02-21 02:26:32.927716: W tensorflow/compiler/tf2tensorrt/utils/py_utils.cc:38] TF-TRT Warning: Could not find TensorRT
2025-02-21 02:26:44.956499: W external/xla/xla/service/gpu/nvptx_compiler.cc:760] The NVIDIA driver's CUDA version is 12.1 which is older than the ptxas CUDA version (12.6.20). Because the driver is older than the ptxas version, XLA is disabling parallel compilation, which may slow down compilation. You should update your NVIDIA driver or use the NVIDIA-provided CUDA forward compatibility packages.
'+ptx86' is not a recognized feature for this target (ignoring feature)
'+ptx86' is not a recognized feature for this target (ignoring feature)
'+ptx86' is not a recognized feature for this target (ignoring feature)
'+ptx86' is not a recognized feature for this target (ignoring feature)
'+ptx86' is not a recognized feature for this target (ignoring feature)
'+ptx86' is not a recognized feature for this target (ignoring feature)
'+ptx86' is not a recognized feature for this target (ignoring feature)
'+ptx86' is not a recognized feature for this target (ignoring feature)
'+ptx86' is not a recognized feature for this target (ignoring feature)
'+ptx86' is not a recognized feature for this target (ignoring feature)
'+ptx86' is not a recognized feature for this target (ignoring feature)
'+ptx86' is not a recognized feature for this target (ignoring feature)
'+ptx86' is not a recognized feature for this target (ignoring feature)
'+ptx86' is not a recognized feature for this target (ignoring feature)
'+ptx86' is not a recognized feature for this target (ignoring feature)
'+ptx86' is not a recognized feature for this target (ignoring feature)
'+ptx86' is not a recognized feature for this target (ignoring feature)
'+ptx86' is not a recognized feature for this target (ignoring feature)
'+ptx86' is not a recognized feature for this target (ignoring feature)
'+ptx86' is not a recognized feature for this target (ignoring feature)
'+ptx86' is not a recognized feature for this target (ignoring feature)
'+ptx86' is not a recognized feature for this target (ignoring feature)
'+ptx86' is not a recognized feature for this target (ignoring feature)
'+ptx86' is not a recognized feature for this target (ignoring feature)
'+ptx86' is not a recognized feature for this target (ignoring feature)
'+ptx86' is not a recognized feature for this target (ignoring feature)
'+ptx86' is not a recognized feature for this target (ignoring feature)
'+ptx86' is not a recognized feature for this target (ignoring feature)
'+ptx86' is not a recognized feature for this target (ignoring feature)
'+ptx86' is not a recognized feature for this target (ignoring feature)
'+ptx86' is not a recognized feature for this target (ignoring feature)
'+ptx86' is not a recognized feature for this target (ignoring feature)
'+ptx86' is not a recognized feature for this target (ignoring feature)
'+ptx86' is not a recognized feature for this target (ignoring feature)
'+ptx86' is not a recognized feature for this target (ignoring feature)
'+ptx86' is not a recognized feature for this target (ignoring feature)
'+ptx86' is not a recognized feature for this target (ignoring feature)
'+ptx86' is not a recognized feature for this target (ignoring feature)
'+ptx86' is not a recognized feature for this target (ignoring feature)
'+ptx86' is not a recognized feature for this target (ignoring feature)
'+ptx86' is not a recognized feature for this target (ignoring feature)
'+ptx86' is not a recognized feature for this target (ignoring feature)
'+ptx86' is not a recognized feature for this target (ignoring feature)
'+ptx86' is not a recognized feature for this target (ignoring feature)
'+ptx86' is not a recognized feature for this target (ignoring feature)
'+ptx86' is not a recognized feature for this target (ignoring feature)
'+ptx86' is not a recognized feature for this target (ignoring feature)
'+ptx86' is not a recognized feature for this target (ignoring feature)
'+ptx86' is not a recognized feature for this target (ignoring feature)
'+ptx86' is not a recognized feature for this target (ignoring feature)
'+ptx86' is not a recognized feature for this target (ignoring feature)
'+ptx86' is not a recognized feature for this target (ignoring feature)
'+ptx86' is not a recognized feature for this target (ignoring feature)
'+ptx86' is not a recognized feature for this target (ignoring feature)
'+ptx86' is not a recognized feature for this target (ignoring feature)
'+ptx86' is not a recognized feature for this target (ignoring feature)
'+ptx86' is not a recognized feature for this target (ignoring feature)
'+ptx86' is not a recognized feature for this target (ignoring feature)
'+ptx86' is not a recognized feature for this target (ignoring feature)
'+ptx86' is not a recognized feature for this target (ignoring feature)
'+ptx86' is not a recognized feature for this target (ignoring feature)
'+ptx86' is not a recognized feature for this target (ignoring feature)
'+ptx86' is not a recognized feature for this target (ignoring feature)
'+ptx86' is not a recognized feature for this target (ignoring feature)
'+ptx86' is not a recognized feature for this target (ignoring feature)
'+ptx86' is not a recognized feature for this target (ignoring feature)
'+ptx86' is not a recognized feature for this target (ignoring feature)
'+ptx86' is not a recognized feature for this target (ignoring feature)
'+ptx86' is not a recognized feature for this target (ignoring feature)
'+ptx86' is not a recognized feature for this target (ignoring feature)
'+ptx86' is not a recognized feature for this target (ignoring feature)
'+ptx86' is not a recognized feature for this target (ignoring feature)
'+ptx86' is not a recognized feature for this target (ignoring feature)
'+ptx86' is not a recognized feature for this target (ignoring feature)
'+ptx86' is not a recognized feature for this target (ignoring feature)
'+ptx86' is not a recognized feature for this target (ignoring feature)
'+ptx86' is not a recognized feature for this target (ignoring feature)
'+ptx86' is not a recognized feature for this target (ignoring feature)
'+ptx86' is not a recognized feature for this target (ignoring feature)
'+ptx86' is not a recognized feature for this target (ignoring feature)
'+ptx86' is not a recognized feature for this target (ignoring feature)
'+ptx86' is not a recognized feature for this target (ignoring feature)
'+ptx86' is not a recognized feature for this target (ignoring feature)
'+ptx86' is not a recognized feature for this target (ignoring feature)
'+ptx86' is not a recognized feature for this target (ignoring feature)
'+ptx86' is not a recognized feature for this target (ignoring feature)
'+ptx86' is not a recognized feature for this target (ignoring feature)
'+ptx86' is not a recognized feature for this target (ignoring feature)
'+ptx86' is not a recognized feature for this target (ignoring feature)
'+ptx86' is not a recognized feature for this target (ignoring feature)
'+ptx86' is not a recognized feature for this target (ignoring feature)
'+ptx86' is not a recognized feature for this target (ignoring feature)
'+ptx86' is not a recognized feature for this target (ignoring feature)
'+ptx86' is not a recognized feature for this target (ignoring feature)
'+ptx86' is not a recognized feature for this target (ignoring feature)
'+ptx86' is not a recognized feature for this target (ignoring feature)
'+ptx86' is not a recognized feature for this target (ignoring feature)
'+ptx86' is not a recognized feature for this target (ignoring feature)
'+ptx86' is not a recognized feature for this target (ignoring feature)
'+ptx86' is not a recognized feature for this target (ignoring feature)
'+ptx86' is not a recognized feature for this target (ignoring feature)
'+ptx86' is not a recognized feature for this target (ignoring feature)
'+ptx86' is not a recognized feature for this target (ignoring feature)
'+ptx86' is not a recognized feature for this target (ignoring feature)
'+ptx86' is not a recognized feature for this target (ignoring feature)
'+ptx86' is not a recognized feature for this target (ignoring feature)
'+ptx86' is not a recognized feature for this target (ignoring feature)
'+ptx86' is not a recognized feature for this target (ignoring feature)
'+ptx86' is not a recognized feature for this target (ignoring feature)
'+ptx86' is not a recognized feature for this target (ignoring feature)
'+ptx86' is not a recognized feature for this target (ignoring feature)
'+ptx86' is not a recognized feature for this target (ignoring feature)
'+ptx86' is not a recognized feature for this target (ignoring feature)
'+ptx86' is not a recognized feature for this target (ignoring feature)
'+ptx86' is not a recognized feature for this target (ignoring feature)
'+ptx86' is not a recognized feature for this target (ignoring feature)
'+ptx86' is not a recognized feature for this target (ignoring feature)
'+ptx86' is not a recognized feature for this target (ignoring feature)
'+ptx86' is not a recognized feature for this target (ignoring feature)
'+ptx86' is not a recognized feature for this target (ignoring feature)
'+ptx86' is not a recognized feature for this target (ignoring feature)
'+ptx86' is not a recognized feature for this target (ignoring feature)
'+ptx86' is not a recognized feature for this target (ignoring feature)
'+ptx86' is not a recognized feature for this target (ignoring feature)
'+ptx86' is not a recognized feature for this target (ignoring feature)
'+ptx86' is not a recognized feature for this target (ignoring feature)
'+ptx86' is not a recognized feature for this target (ignoring feature)
'+ptx86' is not a recognized feature for this target (ignoring feature)
'+ptx86' is not a recognized feature for this target (ignoring feature)
'+ptx86' is not a recognized feature for this target (ignoring feature)
'+ptx86' is not a recognized feature for this target (ignoring feature)
'+ptx86' is not a recognized feature for this target (ignoring feature)
'+ptx86' is not a recognized feature for this target (ignoring feature)
'+ptx86' is not a recognized feature for this target (ignoring feature)
'+ptx86' is not a recognized feature for this target (ignoring feature)
'+ptx86' is not a recognized feature for this target (ignoring feature)
'+ptx86' is not a recognized feature for this target (ignoring feature)
'+ptx86' is not a recognized feature for this target (ignoring feature)
'+ptx86' is not a recognized feature for this target (ignoring feature)
'+ptx86' is not a recognized feature for this target (ignoring feature)
'+ptx86' is not a recognized feature for this target (ignoring feature)
'+ptx86' is not a recognized feature for this target (ignoring feature)
'+ptx86' is not a recognized feature for this target (ignoring feature)
'+ptx86' is not a recognized feature for this target (ignoring feature)
'+ptx86' is not a recognized feature for this target (ignoring feature)
'+ptx86' is not a recognized feature for this target (ignoring feature)
'+ptx86' is not a recognized feature for this target (ignoring feature)
'+ptx86' is not a recognized feature for this target (ignoring feature)
'+ptx86' is not a recognized feature for this target (ignoring feature)
'+ptx86' is not a recognized feature for this target (ignoring feature)
'+ptx86' is not a recognized feature for this target (ignoring feature)
'+ptx86' is not a recognized feature for this target (ignoring feature)
'+ptx86' is not a recognized feature for this target (ignoring feature)
'+ptx86' is not a recognized feature for this target (ignoring feature)
'+ptx86' is not a recognized feature for this target (ignoring feature)
'+ptx86' is not a recognized feature for this target (ignoring feature)
'+ptx86' is not a recognized feature for this target (ignoring feature)
'+ptx86' is not a recognized feature for this target (ignoring feature)
'+ptx86' is not a recognized feature for this target (ignoring feature)
'+ptx86' is not a recognized feature for this target (ignoring feature)
'+ptx86' is not a recognized feature for this target (ignoring feature)
'+ptx86' is not a recognized feature for this target (ignoring feature)
'+ptx86' is not a recognized feature for this target (ignoring feature)
'+ptx86' is not a recognized feature for this target (ignoring feature)
'+ptx86' is not a recognized feature for this target (ignoring feature)
'+ptx86' is not a recognized feature for this target (ignoring feature)
'+ptx86' is not a recognized feature for this target (ignoring feature)
'+ptx86' is not a recognized feature for this target (ignoring feature)
'+ptx86' is not a recognized feature for this target (ignoring feature)
'+ptx86' is not a recognized feature for this target (ignoring feature)
'+ptx86' is not a recognized feature for this target (ignoring feature)
'+ptx86' is not a recognized feature for this target (ignoring feature)
'+ptx86' is not a recognized feature for this target (ignoring feature)
'+ptx86' is not a recognized feature for this target (ignoring feature)
'+ptx86' is not a recognized feature for this target (ignoring feature)
'+ptx86' is not a recognized feature for this target (ignoring feature)
'+ptx86' is not a recognized feature for this target (ignoring feature)
'+ptx86' is not a recognized feature for this target (ignoring feature)
'+ptx86' is not a recognized feature for this target (ignoring feature)
'+ptx86' is not a recognized feature for this target (ignoring feature)
'+ptx86' is not a recognized feature for this target (ignoring feature)
'+ptx86' is not a recognized feature for this target (ignoring feature)
'+ptx86' is not a recognized feature for this target (ignoring feature)
'+ptx86' is not a recognized feature for this target (ignoring feature)
'+ptx86' is not a recognized feature for this target (ignoring feature)
'+ptx86' is not a recognized feature for this target (ignoring feature)
'+ptx86' is not a recognized feature for this target (ignoring feature)
'+ptx86' is not a recognized feature for this target (ignoring feature)
'+ptx86' is not a recognized feature for this target (ignoring feature)
'+ptx86' is not a recognized feature for this target (ignoring feature)
'+ptx86' is not a recognized feature for this target (ignoring feature)
'+ptx86' is not a recognized feature for this target (ignoring feature)
'+ptx86' is not a recognized feature for this target (ignoring feature)
'+ptx86' is not a recognized feature for this target (ignoring feature)
'+ptx86' is not a recognized feature for this target (ignoring feature)
'+ptx86' is not a recognized feature for this target (ignoring feature)
'+ptx86' is not a recognized feature for this target (ignoring feature)
'+ptx86' is not a recognized feature for this target (ignoring feature)
'+ptx86' is not a recognized feature for this target (ignoring feature)
'+ptx86' is not a recognized feature for this target (ignoring feature)
'+ptx86' is not a recognized feature for this target (ignoring feature)
'+ptx86' is not a recognized feature for this target (ignoring feature)
'+ptx86' is not a recognized feature for this target (ignoring feature)
'+ptx86' is not a recognized feature for this target (ignoring feature)
'+ptx86' is not a recognized feature for this target (ignoring feature)
'+ptx86' is not a recognized feature for this target (ignoring feature)
'+ptx86' is not a recognized feature for this target (ignoring feature)
'+ptx86' is not a recognized feature for this target (ignoring feature)
'+ptx86' is not a recognized feature for this target (ignoring feature)
'+ptx86' is not a recognized feature for this target (ignoring feature)
'+ptx86' is not a recognized feature for this target (ignoring feature)
'+ptx86' is not a recognized feature for this target (ignoring feature)
'+ptx86' is not a recognized feature for this target (ignoring feature)
'+ptx86' is not a recognized feature for this target (ignoring feature)
'+ptx86' is not a recognized feature for this target (ignoring feature)
'+ptx86' is not a recognized feature for this target (ignoring feature)
'+ptx86' is not a recognized feature for this target (ignoring feature)
'+ptx86' is not a recognized feature for this target (ignoring feature)
'+ptx86' is not a recognized feature for this target (ignoring feature)
'+ptx86' is not a recognized feature for this target (ignoring feature)
'+ptx86' is not a recognized feature for this target (ignoring feature)
'+ptx86' is not a recognized feature for this target (ignoring feature)
'+ptx86' is not a recognized feature for this target (ignoring feature)
'+ptx86' is not a recognized feature for this target (ignoring feature)
'+ptx86' is not a recognized feature for this target (ignoring feature)
'+ptx86' is not a recognized feature for this target (ignoring feature)
'+ptx86' is not a recognized feature for this target (ignoring feature)
'+ptx86' is not a recognized feature for this target (ignoring feature)
'+ptx86' is not a recognized feature for this target (ignoring feature)
'+ptx86' is not a recognized feature for this target (ignoring feature)
'+ptx86' is not a recognized feature for this target (ignoring feature)
'+ptx86' is not a recognized feature for this target (ignoring feature)
'+ptx86' is not a recognized feature for this target (ignoring feature)
'+ptx86' is not a recognized feature for this target (ignoring feature)
'+ptx86' is not a recognized feature for this target (ignoring feature)
'+ptx86' is not a recognized feature for this target (ignoring feature)
'+ptx86' is not a recognized feature for this target (ignoring feature)
'+ptx86' is not a recognized feature for this target (ignoring feature)
'+ptx86' is not a recognized feature for this target (ignoring feature)
'+ptx86' is not a recognized feature for this target (ignoring feature)
'+ptx86' is not a recognized feature for this target (ignoring feature)
'+ptx86' is not a recognized feature for this target (ignoring feature)
'+ptx86' is not a recognized feature for this target (ignoring feature)
'+ptx86' is not a recognized feature for this target (ignoring feature)
'+ptx86' is not a recognized feature for this target (ignoring feature)
'+ptx86' is not a recognized feature for this target (ignoring feature)
'+ptx86' is not a recognized feature for this target (ignoring feature)
'+ptx86' is not a recognized feature for this target (ignoring feature)
'+ptx86' is not a recognized feature for this target (ignoring feature)
'+ptx86' is not a recognized feature for this target (ignoring feature)
'+ptx86' is not a recognized feature for this target (ignoring feature)
'+ptx86' is not a recognized feature for this target (ignoring feature)
'+ptx86' is not a recognized feature for this target (ignoring feature)
'+ptx86' is not a recognized feature for this target (ignoring feature)
'+ptx86' is not a recognized feature for this target (ignoring feature)
'+ptx86' is not a recognized feature for this target (ignoring feature)
'+ptx86' is not a recognized feature for this target (ignoring feature)
'+ptx86' is not a recognized feature for this target (ignoring feature)
'+ptx86' is not a recognized feature for this target (ignoring feature)
'+ptx86' is not a recognized feature for this target (ignoring feature)
'+ptx86' is not a recognized feature for this target (ignoring feature)
'+ptx86' is not a recognized feature for this target (ignoring feature)
'+ptx86' is not a recognized feature for this target (ignoring feature)
'+ptx86' is not a recognized feature for this target (ignoring feature)
'+ptx86' is not a recognized feature for this target (ignoring feature)
'+ptx86' is not a recognized feature for this target (ignoring feature)
'+ptx86' is not a recognized feature for this target (ignoring feature)
'+ptx86' is not a recognized feature for this target (ignoring feature)
'+ptx86' is not a recognized feature for this target (ignoring feature)
'+ptx86' is not a recognized feature for this target (ignoring feature)
'+ptx86' is not a recognized feature for this target (ignoring feature)
'+ptx86' is not a recognized feature for this target (ignoring feature)
'+ptx86' is not a recognized feature for this target (ignoring feature)
'+ptx86' is not a recognized feature for this target (ignoring feature)
'+ptx86' is not a recognized feature for this target (ignoring feature)
'+ptx86' is not a recognized feature for this target (ignoring feature)
'+ptx86' is not a recognized feature for this target (ignoring feature)
'+ptx86' is not a recognized feature for this target (ignoring feature)
'+ptx86' is not a recognized feature for this target (ignoring feature)
'+ptx86' is not a recognized feature for this target (ignoring feature)
'+ptx86' is not a recognized feature for this target (ignoring feature)
'+ptx86' is not a recognized feature for this target (ignoring feature)
'+ptx86' is not a recognized feature for this target (ignoring feature)
'+ptx86' is not a recognized feature for this target (ignoring feature)
'+ptx86' is not a recognized feature for this target (ignoring feature)
'+ptx86' is not a recognized feature for this target (ignoring feature)
'+ptx86' is not a recognized feature for this target (ignoring feature)
'+ptx86' is not a recognized feature for this target (ignoring feature)
'+ptx86' is not a recognized feature for this target (ignoring feature)
'+ptx86' is not a recognized feature for this target (ignoring feature)
'+ptx86' is not a recognized feature for this target (ignoring feature)
'+ptx86' is not a recognized feature for this target (ignoring feature)
'+ptx86' is not a recognized feature for this target (ignoring feature)
'+ptx86' is not a recognized feature for this target (ignoring feature)
'+ptx86' is not a recognized feature for this target (ignoring feature)
'+ptx86' is not a recognized feature for this target (ignoring feature)
'+ptx86' is not a recognized feature for this target (ignoring feature)
'+ptx86' is not a recognized feature for this target (ignoring feature)
'+ptx86' is not a recognized feature for this target (ignoring feature)
'+ptx86' is not a recognized feature for this target (ignoring feature)
'+ptx86' is not a recognized feature for this target (ignoring feature)
'+ptx86' is not a recognized feature for this target (ignoring feature)
'+ptx86' is not a recognized feature for this target (ignoring feature)
'+ptx86' is not a recognized feature for this target (ignoring feature)
'+ptx86' is not a recognized feature for this target (ignoring feature)
'+ptx86' is not a recognized feature for this target (ignoring feature)
'+ptx86' is not a recognized feature for this target (ignoring feature)
'+ptx86' is not a recognized feature for this target (ignoring feature)
'+ptx86' is not a recognized feature for this target (ignoring feature)
'+ptx86' is not a recognized feature for this target (ignoring feature)
'+ptx86' is not a recognized feature for this target (ignoring feature)
'+ptx86' is not a recognized feature for this target (ignoring feature)
'+ptx86' is not a recognized feature for this target (ignoring feature)
'+ptx86' is not a recognized feature for this target (ignoring feature)
'+ptx86' is not a recognized feature for this target (ignoring feature)
'+ptx86' is not a recognized feature for this target (ignoring feature)
'+ptx86' is not a recognized feature for this target (ignoring feature)
'+ptx86' is not a recognized feature for this target (ignoring feature)
'+ptx86' is not a recognized feature for this target (ignoring feature)
'+ptx86' is not a recognized feature for this target (ignoring feature)
'+ptx86' is not a recognized feature for this target (ignoring feature)
'+ptx86' is not a recognized feature for this target (ignoring feature)
'+ptx86' is not a recognized feature for this target (ignoring feature)
'+ptx86' is not a recognized feature for this target (ignoring feature)
'+ptx86' is not a recognized feature for this target (ignoring feature)
'+ptx86' is not a recognized feature for this target (ignoring feature)
'+ptx86' is not a recognized feature for this target (ignoring feature)
'+ptx86' is not a recognized feature for this target (ignoring feature)
'+ptx86' is not a recognized feature for this target (ignoring feature)
'+ptx86' is not a recognized feature for this target (ignoring feature)
'+ptx86' is not a recognized feature for this target (ignoring feature)
'+ptx86' is not a recognized feature for this target (ignoring feature)
'+ptx86' is not a recognized feature for this target (ignoring feature)
'+ptx86' is not a recognized feature for this target (ignoring feature)
'+ptx86' is not a recognized feature for this target (ignoring feature)
'+ptx86' is not a recognized feature for this target (ignoring feature)
'+ptx86' is not a recognized feature for this target (ignoring feature)
'+ptx86' is not a recognized feature for this target (ignoring feature)
'+ptx86' is not a recognized feature for this target (ignoring feature)
'+ptx86' is not a recognized feature for this target (ignoring feature)
'+ptx86' is not a recognized feature for this target (ignoring feature)
'+ptx86' is not a recognized feature for this target (ignoring feature)
'+ptx86' is not a recognized feature for this target (ignoring feature)
'+ptx86' is not a recognized feature for this target (ignoring feature)
'+ptx86' is not a recognized feature for this target (ignoring feature)
'+ptx86' is not a recognized feature for this target (ignoring feature)
'+ptx86' is not a recognized feature for this target (ignoring feature)
'+ptx86' is not a recognized feature for this target (ignoring feature)
'+ptx86' is not a recognized feature for this target (ignoring feature)
'+ptx86' is not a recognized feature for this target (ignoring feature)
'+ptx86' is not a recognized feature for this target (ignoring feature)
'+ptx86' is not a recognized feature for this target (ignoring feature)
'+ptx86' is not a recognized feature for this target (ignoring feature)
'+ptx86' is not a recognized feature for this target (ignoring feature)
'+ptx86' is not a recognized feature for this target (ignoring feature)
'+ptx86' is not a recognized feature for this target (ignoring feature)
'+ptx86' is not a recognized feature for this target (ignoring feature)
'+ptx86' is not a recognized feature for this target (ignoring feature)
'+ptx86' is not a recognized feature for this target (ignoring feature)
'+ptx86' is not a recognized feature for this target (ignoring feature)
slurmstepd: error: *** JOB 12823393 ON lrdn3405 CANCELLED AT 2025-02-22T02:29:29 DUE TO TIME LIMIT ***
slurmstepd: error: *** STEP 12823393.0 ON lrdn3405 CANCELLED AT 2025-02-22T02:29:29 DUE TO TIME LIMIT ***
